2024-10-17 16:02:17.289  INFO 33240 --- [restartedMain] cn.zwz.ZwzApplication                    : Starting ZwzApplication using Java 17.0.10 on LAPTOP-V7431OSH with PID 33240 (D:\code\623e8-main\623e8-main\assign-topics-master\assign-topics-master\back\target\classes started by Tool Man in D:\code\623e8-main\623e8-main\assign-topics-master\assign-topics-master\back)
2024-10-17 16:02:17.294  INFO 33240 --- [restartedMain] cn.zwz.ZwzApplication                    : No active profile set, falling back to 1 default profile: "default"
2024-10-17 16:02:17.353  INFO 33240 --- [restartedMain] .e.DevToolsPropertyDefaultsPostProcessor : Devtools property defaults active! Set 'spring.devtools.add-properties' to 'false' to disable
2024-10-17 16:02:17.354  INFO 33240 --- [restartedMain] .e.DevToolsPropertyDefaultsPostProcessor : For additional web related logging consider setting the 'logging.level.web' property to 'DEBUG'
2024-10-17 16:02:19.763  INFO 33240 --- [restartedMain] .s.d.r.c.RepositoryConfigurationDelegate : Multiple Spring Data modules found, entering strict repository configuration mode
2024-10-17 16:02:19.766  INFO 33240 --- [restartedMain] .s.d.r.c.RepositoryConfigurationDelegate : Bootstrapping Spring Data JPA repositories in DEFAULT mode.
2024-10-17 16:02:20.185  INFO 33240 --- [restartedMain] .s.d.r.c.RepositoryConfigurationDelegate : Finished Spring Data repository scanning in 413 ms. Found 1 JPA repository interfaces.
2024-10-17 16:02:20.195  INFO 33240 --- [restartedMain] .s.d.r.c.RepositoryConfigurationDelegate : Multiple Spring Data modules found, entering strict repository configuration mode
2024-10-17 16:02:20.196  INFO 33240 --- [restartedMain] .s.d.r.c.RepositoryConfigurationDelegate : Bootstrapping Spring Data Redis repositories in DEFAULT mode.
2024-10-17 16:02:20.252  INFO 33240 --- [restartedMain] .RepositoryConfigurationExtensionSupport : Spring Data Redis - Could not safely identify store assignment for repository candidate interface cn.zwz.data.dao.LogDao; If you want this repository to be a Redis repository, consider annotating your entities with one of these annotations: org.springframework.data.redis.core.RedisHash (preferred), or consider extending one of the following types with your repository: org.springframework.data.keyvalue.repository.KeyValueRepository
2024-10-17 16:02:20.252  INFO 33240 --- [restartedMain] .s.d.r.c.RepositoryConfigurationDelegate : Finished Spring Data repository scanning in 47 ms. Found 0 Redis repository interfaces.
2024-10-17 16:02:20.457  INFO 33240 --- [restartedMain] faultConfiguringBeanFactoryPostProcessor : No bean named 'errorChannel' has been explicitly defined. Therefore, a default PublishSubscribeChannel will be created.
2024-10-17 16:02:20.472  INFO 33240 --- [restartedMain] faultConfiguringBeanFactoryPostProcessor : No bean named 'integrationHeaderChannelRegistry' has been explicitly defined. Therefore, a default DefaultHeaderChannelRegistry will be created.
2024-10-17 16:02:20.903  INFO 33240 --- [restartedMain] trationDelegate$BeanPostProcessorChecker : Bean 'redisExceptionThrowsConfig' of type [cn.zwz.basics.redis.RedisExceptionThrowsConfig$$EnhancerBySpringCGLIB$$9073f9e7] is not eligible for getting processed by all BeanPostProcessors (for example: not eligible for auto-proxying)
2024-10-17 16:02:20.965  INFO 33240 --- [restartedMain] trationDelegate$BeanPostProcessorChecker : Bean 'org.springframework.integration.config.IntegrationManagementConfiguration' of type [org.springframework.integration.config.IntegrationManagementConfiguration] is not eligible for getting processed by all BeanPostProcessors (for example: not eligible for auto-proxying)
2024-10-17 16:02:20.978  INFO 33240 --- [restartedMain] trationDelegate$BeanPostProcessorChecker : Bean 'integrationChannelResolver' of type [org.springframework.integration.support.channel.BeanFactoryChannelResolver] is not eligible for getting processed by all BeanPostProcessors (for example: not eligible for auto-proxying)
2024-10-17 16:02:21.426  INFO 33240 --- [restartedMain] o.s.b.w.embedded.tomcat.TomcatWebServer  : Tomcat initialized with port(s): 8081 (http)
2024-10-17 16:02:21.436  INFO 33240 --- [restartedMain] o.apache.catalina.core.StandardService   : Starting service [Tomcat]
2024-10-17 16:02:21.436  INFO 33240 --- [restartedMain] org.apache.catalina.core.StandardEngine  : Starting Servlet engine: [Apache Tomcat/9.0.69]
2024-10-17 16:02:21.642  INFO 33240 --- [restartedMain] o.a.c.c.C.[Tomcat].[localhost].[/]       : Initializing Spring embedded WebApplicationContext
2024-10-17 16:02:21.642  INFO 33240 --- [restartedMain] w.s.c.ServletWebServerApplicationContext : Root WebApplicationContext: initialization completed in 4288 ms
2024-10-17 16:02:21.752  INFO 33240 --- [restartedMain] c.a.d.s.b.a.DruidDataSourceAutoConfigure : Init DruidDataSource
2024-10-17 16:02:21.919  INFO 33240 --- [restartedMain] com.alibaba.druid.pool.DruidDataSource   : {dataSource-1} inited
2024-10-17 16:02:22.418  INFO 33240 --- [restartedMain] org.redisson.Version                     : Redisson 3.18.0
2024-10-17 16:02:22.855  INFO 33240 --- [redisson-netty-2-5] o.r.c.pool.MasterPubSubConnectionPool    : 1 connections initialized for 127.0.0.1/127.0.0.1:6379
2024-10-17 16:02:22.891  INFO 33240 --- [redisson-netty-2-19] o.r.c.pool.MasterConnectionPool          : 24 connections initialized for 127.0.0.1/127.0.0.1:6379
2024-10-17 16:02:23.407  INFO 33240 --- [restartedMain] c.z.basics.baseClass.BeansConfiguration  : 初始化PathMatcher成功
2024-10-17 16:02:23.412  WARN 33240 --- [restartedMain] c.z.b.s.p.MyFilterSecurityInterceptor    : Could not validate configuration attributes as the SecurityMetadataSource did not return any attributes from getAllConfigAttributes()
2024-10-17 16:02:23.657  INFO 33240 --- [restartedMain] o.hibernate.jpa.internal.util.LogHelper  : HHH000204: Processing PersistenceUnitInfo [name: default]
2024-10-17 16:02:23.725  INFO 33240 --- [restartedMain] org.hibernate.Version                    : HHH000412: Hibernate ORM core version 5.6.14.Final
2024-10-17 16:02:23.926  INFO 33240 --- [restartedMain] o.hibernate.annotations.common.Version   : HCANN000001: Hibernate Commons Annotations {5.1.2.Final}
2024-10-17 16:02:24.231  INFO 33240 --- [restartedMain] org.hibernate.dialect.Dialect            : HHH000400: Using dialect: org.hibernate.dialect.MySQL8Dialect
2024-10-17 16:02:25.086  INFO 33240 --- [restartedMain] o.h.e.t.j.p.i.JtaPlatformInitiator       : HHH000490: Using JtaPlatform implementation: [org.hibernate.engine.transaction.jta.platform.internal.NoJtaPlatform]
2024-10-17 16:02:25.096  INFO 33240 --- [restartedMain] j.LocalContainerEntityManagerFactoryBean : Initialized JPA EntityManagerFactory for persistence unit 'default'
2024-10-17 16:02:25.536  WARN 33240 --- [restartedMain] JpaBaseConfiguration$JpaWebConfiguration : spring.jpa.open-in-view is enabled by default. Therefore, database queries may be performed during view rendering. Explicitly configure spring.jpa.open-in-view to disable this warning
2024-10-17 16:02:26.156  INFO 33240 --- [restartedMain] c.z.basics.baseClass.BeansConfiguration  : 初始化线程池成功
2024-10-17 16:02:26.541  INFO 33240 --- [restartedMain] c.z.basics.redis.InterceptConfiguration  : 拦截器加载成功
2024-10-17 16:02:27.808  INFO 33240 --- [restartedMain] o.s.b.a.e.web.EndpointLinksResolver      : Exposing 1 endpoint(s) beneath base path '/actuator'
2024-10-17 16:02:27.845  INFO 33240 --- [restartedMain] o.s.s.web.DefaultSecurityFilterChain     : Will secure any request with [org.springframework.security.web.session.DisableEncodeUrlFilter@5f3dbe4f, org.springframework.security.web.context.request.async.WebAsyncManagerIntegrationFilter@33083927, org.springframework.security.web.context.SecurityContextPersistenceFilter@6faa4ca0, org.springframework.security.web.header.HeaderWriterFilter@9da20d2, org.springframework.web.filter.CorsFilter@7086fbf1, org.springframework.security.web.authentication.logout.LogoutFilter@fe4988d, cn.zwz.basics.security.validate.ImageValidateFilter$$EnhancerBySpringCGLIB$$ae263646@35ee84fb, org.springframework.security.web.authentication.UsernamePasswordAuthenticationFilter@1c14e57c, cn.zwz.basics.security.jwt.JwtRoleFilter@1b0fc12f, org.springframework.security.web.savedrequest.RequestCacheAwareFilter@21173b27, org.springframework.security.web.servletapi.SecurityContextHolderAwareRequestFilter@7b3e8b98, org.springframework.security.web.authentication.AnonymousAuthenticationFilter@2972cbc7, org.springframework.security.web.session.SessionManagementFilter@2b3e04e4, org.springframework.security.web.access.ExceptionTranslationFilter@20bccb64, cn.zwz.basics.security.permission.MyFilterSecurityInterceptor@644aed10, org.springframework.security.web.access.intercept.FilterSecurityInterceptor@45c4dd4b]
2024-10-17 16:02:28.129  INFO 33240 --- [restartedMain] o.s.b.d.a.OptionalLiveReloadServer       : LiveReload server is running on port 35729
2024-10-17 16:02:28.338  INFO 33240 --- [restartedMain] o.s.i.endpoint.EventDrivenConsumer       : Adding {logging-channel-adapter:_org.springframework.integration.errorLogger} as a subscriber to the 'errorChannel' channel
2024-10-17 16:02:28.338  INFO 33240 --- [restartedMain] o.s.i.channel.PublishSubscribeChannel    : Channel 'application.errorChannel' has 1 subscriber(s).
2024-10-17 16:02:28.339  INFO 33240 --- [restartedMain] o.s.i.endpoint.EventDrivenConsumer       : started bean '_org.springframework.integration.errorLogger'
2024-10-17 16:02:28.354  INFO 33240 --- [restartedMain] o.s.b.w.embedded.tomcat.TomcatWebServer  : Tomcat started on port(s): 8081 (http) with context path ''
2024-10-17 16:02:28.389  INFO 33240 --- [restartedMain] cn.zwz.ZwzApplication                    : Started ZwzApplication in 11.56 seconds (JVM running for 13.094)
2024-10-17 16:02:28.863  INFO 33240 --- [RMI TCP Connection(7)-172.27.160.1] o.a.c.c.C.[Tomcat].[localhost].[/]       : Initializing Spring DispatcherServlet 'dispatcherServlet'
2024-10-17 16:02:28.863  INFO 33240 --- [RMI TCP Connection(7)-172.27.160.1] o.s.web.servlet.DispatcherServlet        : Initializing Servlet 'dispatcherServlet'
2024-10-17 16:02:28.866  INFO 33240 --- [RMI TCP Connection(7)-172.27.160.1] o.s.web.servlet.DispatcherServlet        : Completed initialization in 3 ms
2024-10-17 16:13:51.221  INFO 33240 --- [SpringApplicationShutdownHook] o.s.b.w.e.tomcat.GracefulShutdown        : Commencing graceful shutdown. Waiting for active requests to complete
2024-10-17 16:13:51.448  INFO 33240 --- [tomcat-shutdown] o.s.b.w.e.tomcat.GracefulShutdown        : Graceful shutdown complete
2024-10-17 16:13:51.487  INFO 33240 --- [SpringApplicationShutdownHook] o.s.i.endpoint.EventDrivenConsumer       : Removing {logging-channel-adapter:_org.springframework.integration.errorLogger} as a subscriber to the 'errorChannel' channel
2024-10-17 16:13:51.487  INFO 33240 --- [SpringApplicationShutdownHook] o.s.i.channel.PublishSubscribeChannel    : Channel 'application.errorChannel' has 0 subscriber(s).
2024-10-17 16:13:51.488  INFO 33240 --- [SpringApplicationShutdownHook] o.s.i.endpoint.EventDrivenConsumer       : stopped bean '_org.springframework.integration.errorLogger'
2024-10-17 16:13:51.497  INFO 33240 --- [SpringApplicationShutdownHook] j.LocalContainerEntityManagerFactoryBean : Closing JPA EntityManagerFactory for persistence unit 'default'
2024-10-17 16:13:51.515  INFO 33240 --- [SpringApplicationShutdownHook] com.alibaba.druid.pool.DruidDataSource   : {dataSource-1} closing ...
2024-10-17 16:13:51.523  INFO 33240 --- [SpringApplicationShutdownHook] com.alibaba.druid.pool.DruidDataSource   : {dataSource-1} closed
2024-10-17 16:13:56.108  INFO 16816 --- [restartedMain] cn.zwz.ZwzApplication                    : Starting ZwzApplication using Java 17.0.10 on LAPTOP-V7431OSH with PID 16816 (D:\code\623e8-main\623e8-main\assign-topics-master\assign-topics-master\back\target\classes started by Tool Man in D:\code\623e8-main\623e8-main\assign-topics-master\assign-topics-master\back)
2024-10-17 16:13:56.109  INFO 16816 --- [restartedMain] cn.zwz.ZwzApplication                    : No active profile set, falling back to 1 default profile: "default"
2024-10-17 16:13:56.156  INFO 16816 --- [restartedMain] .e.DevToolsPropertyDefaultsPostProcessor : Devtools property defaults active! Set 'spring.devtools.add-properties' to 'false' to disable
2024-10-17 16:13:56.156  INFO 16816 --- [restartedMain] .e.DevToolsPropertyDefaultsPostProcessor : For additional web related logging consider setting the 'logging.level.web' property to 'DEBUG'
2024-10-17 16:13:57.330  INFO 16816 --- [restartedMain] .s.d.r.c.RepositoryConfigurationDelegate : Multiple Spring Data modules found, entering strict repository configuration mode
2024-10-17 16:13:57.332  INFO 16816 --- [restartedMain] .s.d.r.c.RepositoryConfigurationDelegate : Bootstrapping Spring Data JPA repositories in DEFAULT mode.
2024-10-17 16:13:57.680  INFO 16816 --- [restartedMain] .s.d.r.c.RepositoryConfigurationDelegate : Finished Spring Data repository scanning in 342 ms. Found 1 JPA repository interfaces.
2024-10-17 16:13:57.688  INFO 16816 --- [restartedMain] .s.d.r.c.RepositoryConfigurationDelegate : Multiple Spring Data modules found, entering strict repository configuration mode
2024-10-17 16:13:57.689  INFO 16816 --- [restartedMain] .s.d.r.c.RepositoryConfigurationDelegate : Bootstrapping Spring Data Redis repositories in DEFAULT mode.
2024-10-17 16:13:57.742  INFO 16816 --- [restartedMain] .RepositoryConfigurationExtensionSupport : Spring Data Redis - Could not safely identify store assignment for repository candidate interface cn.zwz.data.dao.LogDao; If you want this repository to be a Redis repository, consider annotating your entities with one of these annotations: org.springframework.data.redis.core.RedisHash (preferred), or consider extending one of the following types with your repository: org.springframework.data.keyvalue.repository.KeyValueRepository
2024-10-17 16:13:57.743  INFO 16816 --- [restartedMain] .s.d.r.c.RepositoryConfigurationDelegate : Finished Spring Data repository scanning in 47 ms. Found 0 Redis repository interfaces.
2024-10-17 16:13:57.926  INFO 16816 --- [restartedMain] faultConfiguringBeanFactoryPostProcessor : No bean named 'errorChannel' has been explicitly defined. Therefore, a default PublishSubscribeChannel will be created.
2024-10-17 16:13:57.938  INFO 16816 --- [restartedMain] faultConfiguringBeanFactoryPostProcessor : No bean named 'integrationHeaderChannelRegistry' has been explicitly defined. Therefore, a default DefaultHeaderChannelRegistry will be created.
2024-10-17 16:13:58.295  INFO 16816 --- [restartedMain] trationDelegate$BeanPostProcessorChecker : Bean 'redisExceptionThrowsConfig' of type [cn.zwz.basics.redis.RedisExceptionThrowsConfig$$EnhancerBySpringCGLIB$$d61a926b] is not eligible for getting processed by all BeanPostProcessors (for example: not eligible for auto-proxying)
2024-10-17 16:13:58.354  INFO 16816 --- [restartedMain] trationDelegate$BeanPostProcessorChecker : Bean 'org.springframework.integration.config.IntegrationManagementConfiguration' of type [org.springframework.integration.config.IntegrationManagementConfiguration] is not eligible for getting processed by all BeanPostProcessors (for example: not eligible for auto-proxying)
2024-10-17 16:13:58.366  INFO 16816 --- [restartedMain] trationDelegate$BeanPostProcessorChecker : Bean 'integrationChannelResolver' of type [org.springframework.integration.support.channel.BeanFactoryChannelResolver] is not eligible for getting processed by all BeanPostProcessors (for example: not eligible for auto-proxying)
2024-10-17 16:13:58.771  INFO 16816 --- [restartedMain] o.s.b.w.embedded.tomcat.TomcatWebServer  : Tomcat initialized with port(s): 8081 (http)
2024-10-17 16:13:58.783  INFO 16816 --- [restartedMain] o.apache.catalina.core.StandardService   : Starting service [Tomcat]
2024-10-17 16:13:58.784  INFO 16816 --- [restartedMain] org.apache.catalina.core.StandardEngine  : Starting Servlet engine: [Apache Tomcat/9.0.69]
2024-10-17 16:13:58.980  INFO 16816 --- [restartedMain] o.a.c.c.C.[Tomcat].[localhost].[/]       : Initializing Spring embedded WebApplicationContext
2024-10-17 16:13:58.980  INFO 16816 --- [restartedMain] w.s.c.ServletWebServerApplicationContext : Root WebApplicationContext: initialization completed in 2824 ms
2024-10-17 16:13:59.063  INFO 16816 --- [restartedMain] c.a.d.s.b.a.DruidDataSourceAutoConfigure : Init DruidDataSource
2024-10-17 16:13:59.195  INFO 16816 --- [restartedMain] com.alibaba.druid.pool.DruidDataSource   : {dataSource-1} inited
2024-10-17 16:13:59.617  INFO 16816 --- [restartedMain] org.redisson.Version                     : Redisson 3.18.0
2024-10-17 16:13:59.987  INFO 16816 --- [redisson-netty-2-5] o.r.c.pool.MasterPubSubConnectionPool    : 1 connections initialized for 127.0.0.1/127.0.0.1:6379
2024-10-17 16:14:00.010  INFO 16816 --- [redisson-netty-2-19] o.r.c.pool.MasterConnectionPool          : 24 connections initialized for 127.0.0.1/127.0.0.1:6379
2024-10-17 16:14:00.409  INFO 16816 --- [restartedMain] c.z.basics.baseClass.BeansConfiguration  : 初始化PathMatcher成功
2024-10-17 16:14:00.413  WARN 16816 --- [restartedMain] c.z.b.s.p.MyFilterSecurityInterceptor    : Could not validate configuration attributes as the SecurityMetadataSource did not return any attributes from getAllConfigAttributes()
2024-10-17 16:14:00.619  INFO 16816 --- [restartedMain] o.hibernate.jpa.internal.util.LogHelper  : HHH000204: Processing PersistenceUnitInfo [name: default]
2024-10-17 16:14:00.668  INFO 16816 --- [restartedMain] org.hibernate.Version                    : HHH000412: Hibernate ORM core version 5.6.14.Final
2024-10-17 16:14:00.813  INFO 16816 --- [restartedMain] o.hibernate.annotations.common.Version   : HCANN000001: Hibernate Commons Annotations {5.1.2.Final}
2024-10-17 16:14:01.067  INFO 16816 --- [restartedMain] org.hibernate.dialect.Dialect            : HHH000400: Using dialect: org.hibernate.dialect.MySQL8Dialect
2024-10-17 16:14:01.770  INFO 16816 --- [restartedMain] o.h.e.t.j.p.i.JtaPlatformInitiator       : HHH000490: Using JtaPlatform implementation: [org.hibernate.engine.transaction.jta.platform.internal.NoJtaPlatform]
2024-10-17 16:14:01.779  INFO 16816 --- [restartedMain] j.LocalContainerEntityManagerFactoryBean : Initialized JPA EntityManagerFactory for persistence unit 'default'
2024-10-17 16:14:02.162  WARN 16816 --- [restartedMain] JpaBaseConfiguration$JpaWebConfiguration : spring.jpa.open-in-view is enabled by default. Therefore, database queries may be performed during view rendering. Explicitly configure spring.jpa.open-in-view to disable this warning
2024-10-17 16:14:02.675  INFO 16816 --- [restartedMain] c.z.basics.baseClass.BeansConfiguration  : 初始化线程池成功
2024-10-17 16:14:02.962  INFO 16816 --- [restartedMain] c.z.basics.redis.InterceptConfiguration  : 拦截器加载成功
2024-10-17 16:14:03.688  INFO 16816 --- [restartedMain] o.s.b.a.e.web.EndpointLinksResolver      : Exposing 1 endpoint(s) beneath base path '/actuator'
2024-10-17 16:14:03.710  INFO 16816 --- [restartedMain] o.s.s.web.DefaultSecurityFilterChain     : Will secure any request with [org.springframework.security.web.session.DisableEncodeUrlFilter@54a882a5, org.springframework.security.web.context.request.async.WebAsyncManagerIntegrationFilter@f862425, org.springframework.security.web.context.SecurityContextPersistenceFilter@46808a10, org.springframework.security.web.header.HeaderWriterFilter@46a4730f, org.springframework.web.filter.CorsFilter@44607ff1, org.springframework.security.web.authentication.logout.LogoutFilter@4fe3b345, cn.zwz.basics.security.validate.ImageValidateFilter$$EnhancerBySpringCGLIB$$f3ccceca@21072680, org.springframework.security.web.authentication.UsernamePasswordAuthenticationFilter@25579434, cn.zwz.basics.security.jwt.JwtRoleFilter@6a5a7248, org.springframework.security.web.savedrequest.RequestCacheAwareFilter@14e241ba, org.springframework.security.web.servletapi.SecurityContextHolderAwareRequestFilter@7561e299, org.springframework.security.web.authentication.AnonymousAuthenticationFilter@7af7780c, org.springframework.security.web.session.SessionManagementFilter@5e05448e, org.springframework.security.web.access.ExceptionTranslationFilter@31bdc1f7, cn.zwz.basics.security.permission.MyFilterSecurityInterceptor@657b7ef1, org.springframework.security.web.access.intercept.FilterSecurityInterceptor@177ecf88]
2024-10-17 16:14:03.886  INFO 16816 --- [restartedMain] o.s.b.d.a.OptionalLiveReloadServer       : LiveReload server is running on port 35729
2024-10-17 16:14:04.057  INFO 16816 --- [restartedMain] o.s.i.endpoint.EventDrivenConsumer       : Adding {logging-channel-adapter:_org.springframework.integration.errorLogger} as a subscriber to the 'errorChannel' channel
2024-10-17 16:14:04.057  INFO 16816 --- [restartedMain] o.s.i.channel.PublishSubscribeChannel    : Channel 'application.errorChannel' has 1 subscriber(s).
2024-10-17 16:14:04.057  INFO 16816 --- [restartedMain] o.s.i.endpoint.EventDrivenConsumer       : started bean '_org.springframework.integration.errorLogger'
2024-10-17 16:14:04.071  INFO 16816 --- [restartedMain] o.s.b.w.embedded.tomcat.TomcatWebServer  : Tomcat started on port(s): 8081 (http) with context path ''
2024-10-17 16:14:04.100  INFO 16816 --- [restartedMain] cn.zwz.ZwzApplication                    : Started ZwzApplication in 8.363 seconds (JVM running for 9.368)
2024-10-17 16:14:04.478  INFO 16816 --- [RMI TCP Connection(1)-172.27.160.1] o.a.c.c.C.[Tomcat].[localhost].[/]       : Initializing Spring DispatcherServlet 'dispatcherServlet'
2024-10-17 16:14:04.479  INFO 16816 --- [RMI TCP Connection(1)-172.27.160.1] o.s.web.servlet.DispatcherServlet        : Initializing Servlet 'dispatcherServlet'
2024-10-17 16:14:04.483  INFO 16816 --- [RMI TCP Connection(1)-172.27.160.1] o.s.web.servlet.DispatcherServlet        : Completed initialization in 4 ms
2024-10-17 16:14:16.494  INFO 16816 --- [SpringApplicationShutdownHook] o.s.b.w.e.tomcat.GracefulShutdown        : Commencing graceful shutdown. Waiting for active requests to complete
2024-10-17 16:14:16.521  INFO 16816 --- [tomcat-shutdown] o.s.b.w.e.tomcat.GracefulShutdown        : Graceful shutdown complete
2024-10-17 16:14:16.544  INFO 16816 --- [SpringApplicationShutdownHook] o.s.i.endpoint.EventDrivenConsumer       : Removing {logging-channel-adapter:_org.springframework.integration.errorLogger} as a subscriber to the 'errorChannel' channel
2024-10-17 16:14:16.544  INFO 16816 --- [SpringApplicationShutdownHook] o.s.i.channel.PublishSubscribeChannel    : Channel 'application.errorChannel' has 0 subscriber(s).
2024-10-17 16:14:16.544  INFO 16816 --- [SpringApplicationShutdownHook] o.s.i.endpoint.EventDrivenConsumer       : stopped bean '_org.springframework.integration.errorLogger'
2024-10-17 16:14:16.552  INFO 16816 --- [SpringApplicationShutdownHook] j.LocalContainerEntityManagerFactoryBean : Closing JPA EntityManagerFactory for persistence unit 'default'
2024-10-17 16:14:16.567  INFO 16816 --- [SpringApplicationShutdownHook] com.alibaba.druid.pool.DruidDataSource   : {dataSource-1} closing ...
2024-10-17 16:14:16.573  INFO 16816 --- [SpringApplicationShutdownHook] com.alibaba.druid.pool.DruidDataSource   : {dataSource-1} closed
2024-10-17 16:14:19.820  INFO 25392 --- [restartedMain] cn.zwz.ZwzApplication                    : Starting ZwzApplication using Java 17.0.10 on LAPTOP-V7431OSH with PID 25392 (D:\code\623e8-main\623e8-main\assign-topics-master\assign-topics-master\back\target\classes started by Tool Man in D:\code\623e8-main\623e8-main\assign-topics-master\assign-topics-master\back)
2024-10-17 16:14:19.821  INFO 25392 --- [restartedMain] cn.zwz.ZwzApplication                    : No active profile set, falling back to 1 default profile: "default"
2024-10-17 16:14:19.873  INFO 25392 --- [restartedMain] .e.DevToolsPropertyDefaultsPostProcessor : Devtools property defaults active! Set 'spring.devtools.add-properties' to 'false' to disable
2024-10-17 16:14:19.873  INFO 25392 --- [restartedMain] .e.DevToolsPropertyDefaultsPostProcessor : For additional web related logging consider setting the 'logging.level.web' property to 'DEBUG'
2024-10-17 16:14:21.149  INFO 25392 --- [restartedMain] .s.d.r.c.RepositoryConfigurationDelegate : Multiple Spring Data modules found, entering strict repository configuration mode
2024-10-17 16:14:21.151  INFO 25392 --- [restartedMain] .s.d.r.c.RepositoryConfigurationDelegate : Bootstrapping Spring Data JPA repositories in DEFAULT mode.
2024-10-17 16:14:21.515  INFO 25392 --- [restartedMain] .s.d.r.c.RepositoryConfigurationDelegate : Finished Spring Data repository scanning in 358 ms. Found 1 JPA repository interfaces.
2024-10-17 16:14:21.523  INFO 25392 --- [restartedMain] .s.d.r.c.RepositoryConfigurationDelegate : Multiple Spring Data modules found, entering strict repository configuration mode
2024-10-17 16:14:21.524  INFO 25392 --- [restartedMain] .s.d.r.c.RepositoryConfigurationDelegate : Bootstrapping Spring Data Redis repositories in DEFAULT mode.
2024-10-17 16:14:21.581  INFO 25392 --- [restartedMain] .RepositoryConfigurationExtensionSupport : Spring Data Redis - Could not safely identify store assignment for repository candidate interface cn.zwz.data.dao.LogDao; If you want this repository to be a Redis repository, consider annotating your entities with one of these annotations: org.springframework.data.redis.core.RedisHash (preferred), or consider extending one of the following types with your repository: org.springframework.data.keyvalue.repository.KeyValueRepository
2024-10-17 16:14:21.581  INFO 25392 --- [restartedMain] .s.d.r.c.RepositoryConfigurationDelegate : Finished Spring Data repository scanning in 50 ms. Found 0 Redis repository interfaces.
2024-10-17 16:14:21.773  INFO 25392 --- [restartedMain] faultConfiguringBeanFactoryPostProcessor : No bean named 'errorChannel' has been explicitly defined. Therefore, a default PublishSubscribeChannel will be created.
2024-10-17 16:14:21.785  INFO 25392 --- [restartedMain] faultConfiguringBeanFactoryPostProcessor : No bean named 'integrationHeaderChannelRegistry' has been explicitly defined. Therefore, a default DefaultHeaderChannelRegistry will be created.
2024-10-17 16:14:22.178  INFO 25392 --- [restartedMain] trationDelegate$BeanPostProcessorChecker : Bean 'redisExceptionThrowsConfig' of type [cn.zwz.basics.redis.RedisExceptionThrowsConfig$$EnhancerBySpringCGLIB$$89913264] is not eligible for getting processed by all BeanPostProcessors (for example: not eligible for auto-proxying)
2024-10-17 16:14:22.237  INFO 25392 --- [restartedMain] trationDelegate$BeanPostProcessorChecker : Bean 'org.springframework.integration.config.IntegrationManagementConfiguration' of type [org.springframework.integration.config.IntegrationManagementConfiguration] is not eligible for getting processed by all BeanPostProcessors (for example: not eligible for auto-proxying)
2024-10-17 16:14:22.250  INFO 25392 --- [restartedMain] trationDelegate$BeanPostProcessorChecker : Bean 'integrationChannelResolver' of type [org.springframework.integration.support.channel.BeanFactoryChannelResolver] is not eligible for getting processed by all BeanPostProcessors (for example: not eligible for auto-proxying)
2024-10-17 16:14:22.658  INFO 25392 --- [restartedMain] o.s.b.w.embedded.tomcat.TomcatWebServer  : Tomcat initialized with port(s): 8081 (http)
2024-10-17 16:14:22.668  INFO 25392 --- [restartedMain] o.apache.catalina.core.StandardService   : Starting service [Tomcat]
2024-10-17 16:14:22.668  INFO 25392 --- [restartedMain] org.apache.catalina.core.StandardEngine  : Starting Servlet engine: [Apache Tomcat/9.0.69]
2024-10-17 16:14:22.860  INFO 25392 --- [restartedMain] o.a.c.c.C.[Tomcat].[localhost].[/]       : Initializing Spring embedded WebApplicationContext
2024-10-17 16:14:22.860  INFO 25392 --- [restartedMain] w.s.c.ServletWebServerApplicationContext : Root WebApplicationContext: initialization completed in 2986 ms
2024-10-17 16:14:22.963  INFO 25392 --- [restartedMain] c.a.d.s.b.a.DruidDataSourceAutoConfigure : Init DruidDataSource
2024-10-17 16:14:23.111  INFO 25392 --- [restartedMain] com.alibaba.druid.pool.DruidDataSource   : {dataSource-1} inited
2024-10-17 16:14:23.575  INFO 25392 --- [restartedMain] org.redisson.Version                     : Redisson 3.18.0
2024-10-17 16:14:23.977  INFO 25392 --- [redisson-netty-2-5] o.r.c.pool.MasterPubSubConnectionPool    : 1 connections initialized for 127.0.0.1/127.0.0.1:6379
2024-10-17 16:14:24.006  INFO 25392 --- [redisson-netty-2-19] o.r.c.pool.MasterConnectionPool          : 24 connections initialized for 127.0.0.1/127.0.0.1:6379
2024-10-17 16:14:24.447  INFO 25392 --- [restartedMain] c.z.basics.baseClass.BeansConfiguration  : 初始化PathMatcher成功
2024-10-17 16:14:24.452  WARN 25392 --- [restartedMain] c.z.b.s.p.MyFilterSecurityInterceptor    : Could not validate configuration attributes as the SecurityMetadataSource did not return any attributes from getAllConfigAttributes()
2024-10-17 16:14:24.668  INFO 25392 --- [restartedMain] o.hibernate.jpa.internal.util.LogHelper  : HHH000204: Processing PersistenceUnitInfo [name: default]
2024-10-17 16:14:24.722  INFO 25392 --- [restartedMain] org.hibernate.Version                    : HHH000412: Hibernate ORM core version 5.6.14.Final
2024-10-17 16:14:24.902  INFO 25392 --- [restartedMain] o.hibernate.annotations.common.Version   : HCANN000001: Hibernate Commons Annotations {5.1.2.Final}
2024-10-17 16:14:25.179  INFO 25392 --- [restartedMain] org.hibernate.dialect.Dialect            : HHH000400: Using dialect: org.hibernate.dialect.MySQL8Dialect
2024-10-17 16:14:25.969  INFO 25392 --- [restartedMain] o.h.e.t.j.p.i.JtaPlatformInitiator       : HHH000490: Using JtaPlatform implementation: [org.hibernate.engine.transaction.jta.platform.internal.NoJtaPlatform]
2024-10-17 16:14:25.979  INFO 25392 --- [restartedMain] j.LocalContainerEntityManagerFactoryBean : Initialized JPA EntityManagerFactory for persistence unit 'default'
2024-10-17 16:14:26.419  WARN 25392 --- [restartedMain] JpaBaseConfiguration$JpaWebConfiguration : spring.jpa.open-in-view is enabled by default. Therefore, database queries may be performed during view rendering. Explicitly configure spring.jpa.open-in-view to disable this warning
2024-10-17 16:14:27.035  INFO 25392 --- [restartedMain] c.z.basics.baseClass.BeansConfiguration  : 初始化线程池成功
2024-10-17 16:14:27.362  INFO 25392 --- [restartedMain] c.z.basics.redis.InterceptConfiguration  : 拦截器加载成功
2024-10-17 16:14:28.166  INFO 25392 --- [restartedMain] o.s.b.a.e.web.EndpointLinksResolver      : Exposing 1 endpoint(s) beneath base path '/actuator'
2024-10-17 16:14:28.189  INFO 25392 --- [restartedMain] o.s.s.web.DefaultSecurityFilterChain     : Will secure any request with [org.springframework.security.web.session.DisableEncodeUrlFilter@3bb37130, org.springframework.security.web.context.request.async.WebAsyncManagerIntegrationFilter@1087aad, org.springframework.security.web.context.SecurityContextPersistenceFilter@163ba16e, org.springframework.security.web.header.HeaderWriterFilter@5af639d3, org.springframework.web.filter.CorsFilter@62b51b1, org.springframework.security.web.authentication.logout.LogoutFilter@24233ba7, cn.zwz.basics.security.validate.ImageValidateFilter$$EnhancerBySpringCGLIB$$a7436ec3@39137b2c, org.springframework.security.web.authentication.UsernamePasswordAuthenticationFilter@651be7c6, cn.zwz.basics.security.jwt.JwtRoleFilter@3da0904a, org.springframework.security.web.savedrequest.RequestCacheAwareFilter@cfc4288, org.springframework.security.web.servletapi.SecurityContextHolderAwareRequestFilter@13a31886, org.springframework.security.web.authentication.AnonymousAuthenticationFilter@1dba4c3f, org.springframework.security.web.session.SessionManagementFilter@72bdd887, org.springframework.security.web.access.ExceptionTranslationFilter@2608c10c, cn.zwz.basics.security.permission.MyFilterSecurityInterceptor@1ced36d7, org.springframework.security.web.access.intercept.FilterSecurityInterceptor@2c892add]
2024-10-17 16:14:28.366  INFO 25392 --- [restartedMain] o.s.b.d.a.OptionalLiveReloadServer       : LiveReload server is running on port 35729
2024-10-17 16:14:28.545  INFO 25392 --- [restartedMain] o.s.i.endpoint.EventDrivenConsumer       : Adding {logging-channel-adapter:_org.springframework.integration.errorLogger} as a subscriber to the 'errorChannel' channel
2024-10-17 16:14:28.546  INFO 25392 --- [restartedMain] o.s.i.channel.PublishSubscribeChannel    : Channel 'application.errorChannel' has 1 subscriber(s).
2024-10-17 16:14:28.546  INFO 25392 --- [restartedMain] o.s.i.endpoint.EventDrivenConsumer       : started bean '_org.springframework.integration.errorLogger'
2024-10-17 16:14:28.560  INFO 25392 --- [restartedMain] o.s.b.w.embedded.tomcat.TomcatWebServer  : Tomcat started on port(s): 8081 (http) with context path ''
2024-10-17 16:14:28.588  INFO 25392 --- [restartedMain] cn.zwz.ZwzApplication                    : Started ZwzApplication in 9.163 seconds (JVM running for 10.311)
2024-10-17 16:14:29.097  INFO 25392 --- [RMI TCP Connection(3)-172.27.160.1] o.a.c.c.C.[Tomcat].[localhost].[/]       : Initializing Spring DispatcherServlet 'dispatcherServlet'
2024-10-17 16:14:29.097  INFO 25392 --- [RMI TCP Connection(3)-172.27.160.1] o.s.web.servlet.DispatcherServlet        : Initializing Servlet 'dispatcherServlet'
2024-10-17 16:14:29.099  INFO 25392 --- [RMI TCP Connection(3)-172.27.160.1] o.s.web.servlet.DispatcherServlet        : Completed initialization in 2 ms
2024-10-17 16:15:54.941  WARN 25392 --- [http-nio-8081-exec-4] o.s.s.c.bcrypt.BCryptPasswordEncoder     : Empty encoded password
2024-10-17 16:20:47.637  INFO 25392 --- [SpringApplicationShutdownHook] o.s.b.w.e.tomcat.GracefulShutdown        : Commencing graceful shutdown. Waiting for active requests to complete
2024-10-17 16:20:47.669  INFO 25392 --- [tomcat-shutdown] o.s.b.w.e.tomcat.GracefulShutdown        : Graceful shutdown complete
2024-10-17 16:20:47.697  INFO 25392 --- [SpringApplicationShutdownHook] o.s.i.endpoint.EventDrivenConsumer       : Removing {logging-channel-adapter:_org.springframework.integration.errorLogger} as a subscriber to the 'errorChannel' channel
2024-10-17 16:20:47.697  INFO 25392 --- [SpringApplicationShutdownHook] o.s.i.channel.PublishSubscribeChannel    : Channel 'application.errorChannel' has 0 subscriber(s).
2024-10-17 16:20:47.697  INFO 25392 --- [SpringApplicationShutdownHook] o.s.i.endpoint.EventDrivenConsumer       : stopped bean '_org.springframework.integration.errorLogger'
2024-10-17 16:20:47.705  INFO 25392 --- [SpringApplicationShutdownHook] j.LocalContainerEntityManagerFactoryBean : Closing JPA EntityManagerFactory for persistence unit 'default'
2024-10-17 16:20:47.721  INFO 25392 --- [SpringApplicationShutdownHook] com.alibaba.druid.pool.DruidDataSource   : {dataSource-1} closing ...
2024-10-17 16:20:47.729  INFO 25392 --- [SpringApplicationShutdownHook] com.alibaba.druid.pool.DruidDataSource   : {dataSource-1} closed
2024-10-17 16:20:53.970  INFO 27980 --- [restartedMain] cn.zwz.ZwzApplication                    : Starting ZwzApplication using Java 17.0.10 on LAPTOP-V7431OSH with PID 27980 (D:\code\623e8-main\623e8-main\assign-topics-master\assign-topics-master\back\target\classes started by Tool Man in D:\code\623e8-main\623e8-main\assign-topics-master\assign-topics-master\back)
2024-10-17 16:20:53.971  INFO 27980 --- [restartedMain] cn.zwz.ZwzApplication                    : No active profile set, falling back to 1 default profile: "default"
2024-10-17 16:20:54.023  INFO 27980 --- [restartedMain] .e.DevToolsPropertyDefaultsPostProcessor : Devtools property defaults active! Set 'spring.devtools.add-properties' to 'false' to disable
2024-10-17 16:20:54.023  INFO 27980 --- [restartedMain] .e.DevToolsPropertyDefaultsPostProcessor : For additional web related logging consider setting the 'logging.level.web' property to 'DEBUG'
2024-10-17 16:20:55.298  INFO 27980 --- [restartedMain] .s.d.r.c.RepositoryConfigurationDelegate : Multiple Spring Data modules found, entering strict repository configuration mode
2024-10-17 16:20:55.300  INFO 27980 --- [restartedMain] .s.d.r.c.RepositoryConfigurationDelegate : Bootstrapping Spring Data JPA repositories in DEFAULT mode.
2024-10-17 16:20:55.679  INFO 27980 --- [restartedMain] .s.d.r.c.RepositoryConfigurationDelegate : Finished Spring Data repository scanning in 372 ms. Found 1 JPA repository interfaces.
2024-10-17 16:20:55.688  INFO 27980 --- [restartedMain] .s.d.r.c.RepositoryConfigurationDelegate : Multiple Spring Data modules found, entering strict repository configuration mode
2024-10-17 16:20:55.689  INFO 27980 --- [restartedMain] .s.d.r.c.RepositoryConfigurationDelegate : Bootstrapping Spring Data Redis repositories in DEFAULT mode.
2024-10-17 16:20:55.747  INFO 27980 --- [restartedMain] .RepositoryConfigurationExtensionSupport : Spring Data Redis - Could not safely identify store assignment for repository candidate interface cn.zwz.data.dao.LogDao; If you want this repository to be a Redis repository, consider annotating your entities with one of these annotations: org.springframework.data.redis.core.RedisHash (preferred), or consider extending one of the following types with your repository: org.springframework.data.keyvalue.repository.KeyValueRepository
2024-10-17 16:20:55.748  INFO 27980 --- [restartedMain] .s.d.r.c.RepositoryConfigurationDelegate : Finished Spring Data repository scanning in 50 ms. Found 0 Redis repository interfaces.
2024-10-17 16:20:55.945  INFO 27980 --- [restartedMain] faultConfiguringBeanFactoryPostProcessor : No bean named 'errorChannel' has been explicitly defined. Therefore, a default PublishSubscribeChannel will be created.
2024-10-17 16:20:55.957  INFO 27980 --- [restartedMain] faultConfiguringBeanFactoryPostProcessor : No bean named 'integrationHeaderChannelRegistry' has been explicitly defined. Therefore, a default DefaultHeaderChannelRegistry will be created.
2024-10-17 16:20:56.339  INFO 27980 --- [restartedMain] trationDelegate$BeanPostProcessorChecker : Bean 'redisExceptionThrowsConfig' of type [cn.zwz.basics.redis.RedisExceptionThrowsConfig$$EnhancerBySpringCGLIB$$2c768a6a] is not eligible for getting processed by all BeanPostProcessors (for example: not eligible for auto-proxying)
2024-10-17 16:20:56.395  INFO 27980 --- [restartedMain] trationDelegate$BeanPostProcessorChecker : Bean 'org.springframework.integration.config.IntegrationManagementConfiguration' of type [org.springframework.integration.config.IntegrationManagementConfiguration] is not eligible for getting processed by all BeanPostProcessors (for example: not eligible for auto-proxying)
2024-10-17 16:20:56.408  INFO 27980 --- [restartedMain] trationDelegate$BeanPostProcessorChecker : Bean 'integrationChannelResolver' of type [org.springframework.integration.support.channel.BeanFactoryChannelResolver] is not eligible for getting processed by all BeanPostProcessors (for example: not eligible for auto-proxying)
2024-10-17 16:20:56.827  INFO 27980 --- [restartedMain] o.s.b.w.embedded.tomcat.TomcatWebServer  : Tomcat initialized with port(s): 8081 (http)
2024-10-17 16:20:56.840  INFO 27980 --- [restartedMain] o.apache.catalina.core.StandardService   : Starting service [Tomcat]
2024-10-17 16:20:56.840  INFO 27980 --- [restartedMain] org.apache.catalina.core.StandardEngine  : Starting Servlet engine: [Apache Tomcat/9.0.69]
2024-10-17 16:20:57.035  INFO 27980 --- [restartedMain] o.a.c.c.C.[Tomcat].[localhost].[/]       : Initializing Spring embedded WebApplicationContext
2024-10-17 16:20:57.036  INFO 27980 --- [restartedMain] w.s.c.ServletWebServerApplicationContext : Root WebApplicationContext: initialization completed in 3012 ms
2024-10-17 16:20:57.143  INFO 27980 --- [restartedMain] c.a.d.s.b.a.DruidDataSourceAutoConfigure : Init DruidDataSource
2024-10-17 16:20:57.296  INFO 27980 --- [restartedMain] com.alibaba.druid.pool.DruidDataSource   : {dataSource-1} inited
2024-10-17 16:20:57.775  INFO 27980 --- [restartedMain] org.redisson.Version                     : Redisson 3.18.0
2024-10-17 16:20:58.168  INFO 27980 --- [redisson-netty-2-6] o.r.c.pool.MasterPubSubConnectionPool    : 1 connections initialized for 127.0.0.1/127.0.0.1:6379
2024-10-17 16:20:58.196  INFO 27980 --- [redisson-netty-2-19] o.r.c.pool.MasterConnectionPool          : 24 connections initialized for 127.0.0.1/127.0.0.1:6379
2024-10-17 16:20:58.649  INFO 27980 --- [restartedMain] c.z.basics.baseClass.BeansConfiguration  : 初始化PathMatcher成功
2024-10-17 16:20:58.656  WARN 27980 --- [restartedMain] c.z.b.s.p.MyFilterSecurityInterceptor    : Could not validate configuration attributes as the SecurityMetadataSource did not return any attributes from getAllConfigAttributes()
2024-10-17 16:20:58.900  INFO 27980 --- [restartedMain] o.hibernate.jpa.internal.util.LogHelper  : HHH000204: Processing PersistenceUnitInfo [name: default]
2024-10-17 16:20:58.957  INFO 27980 --- [restartedMain] org.hibernate.Version                    : HHH000412: Hibernate ORM core version 5.6.14.Final
2024-10-17 16:20:59.145  INFO 27980 --- [restartedMain] o.hibernate.annotations.common.Version   : HCANN000001: Hibernate Commons Annotations {5.1.2.Final}
2024-10-17 16:20:59.407  INFO 27980 --- [restartedMain] org.hibernate.dialect.Dialect            : HHH000400: Using dialect: org.hibernate.dialect.MySQL8Dialect
2024-10-17 16:21:00.181  INFO 27980 --- [restartedMain] o.h.e.t.j.p.i.JtaPlatformInitiator       : HHH000490: Using JtaPlatform implementation: [org.hibernate.engine.transaction.jta.platform.internal.NoJtaPlatform]
2024-10-17 16:21:00.190  INFO 27980 --- [restartedMain] j.LocalContainerEntityManagerFactoryBean : Initialized JPA EntityManagerFactory for persistence unit 'default'
2024-10-17 16:21:00.596  WARN 27980 --- [restartedMain] JpaBaseConfiguration$JpaWebConfiguration : spring.jpa.open-in-view is enabled by default. Therefore, database queries may be performed during view rendering. Explicitly configure spring.jpa.open-in-view to disable this warning
2024-10-17 16:21:01.141  INFO 27980 --- [restartedMain] c.z.basics.baseClass.BeansConfiguration  : 初始化线程池成功
2024-10-17 16:21:01.455  INFO 27980 --- [restartedMain] c.z.basics.redis.InterceptConfiguration  : 拦截器加载成功
2024-10-17 16:21:02.223  INFO 27980 --- [restartedMain] o.s.b.a.e.web.EndpointLinksResolver      : Exposing 1 endpoint(s) beneath base path '/actuator'
2024-10-17 16:21:02.244  INFO 27980 --- [restartedMain] o.s.s.web.DefaultSecurityFilterChain     : Will secure any request with [org.springframework.security.web.session.DisableEncodeUrlFilter@f5c333d, org.springframework.security.web.context.request.async.WebAsyncManagerIntegrationFilter@19a41603, org.springframework.security.web.context.SecurityContextPersistenceFilter@3b611e1e, org.springframework.security.web.header.HeaderWriterFilter@2cc886fd, org.springframework.web.filter.CorsFilter@3b1f2a50, org.springframework.security.web.authentication.logout.LogoutFilter@43958063, org.springframework.security.web.authentication.UsernamePasswordAuthenticationFilter@18b1fe6b, cn.zwz.basics.security.jwt.JwtRoleFilter@28efb658, org.springframework.security.web.savedrequest.RequestCacheAwareFilter@263f808b, org.springframework.security.web.servletapi.SecurityContextHolderAwareRequestFilter@18870f8d, org.springframework.security.web.authentication.AnonymousAuthenticationFilter@46c4ada3, org.springframework.security.web.session.SessionManagementFilter@10c61705, org.springframework.security.web.access.ExceptionTranslationFilter@4b189d5c, cn.zwz.basics.security.permission.MyFilterSecurityInterceptor@4d7da8dd, org.springframework.security.web.access.intercept.FilterSecurityInterceptor@4d7ffada]
2024-10-17 16:21:02.422  INFO 27980 --- [restartedMain] o.s.b.d.a.OptionalLiveReloadServer       : LiveReload server is running on port 35729
2024-10-17 16:21:02.604  INFO 27980 --- [restartedMain] o.s.i.endpoint.EventDrivenConsumer       : Adding {logging-channel-adapter:_org.springframework.integration.errorLogger} as a subscriber to the 'errorChannel' channel
2024-10-17 16:21:02.604  INFO 27980 --- [restartedMain] o.s.i.channel.PublishSubscribeChannel    : Channel 'application.errorChannel' has 1 subscriber(s).
2024-10-17 16:21:02.605  INFO 27980 --- [restartedMain] o.s.i.endpoint.EventDrivenConsumer       : started bean '_org.springframework.integration.errorLogger'
2024-10-17 16:21:02.618  INFO 27980 --- [restartedMain] o.s.b.w.embedded.tomcat.TomcatWebServer  : Tomcat started on port(s): 8081 (http) with context path ''
2024-10-17 16:21:02.648  INFO 27980 --- [restartedMain] cn.zwz.ZwzApplication                    : Started ZwzApplication in 9.072 seconds (JVM running for 10.181)
2024-10-17 16:21:02.778  INFO 27980 --- [RMI TCP Connection(1)-172.27.160.1] o.a.c.c.C.[Tomcat].[localhost].[/]       : Initializing Spring DispatcherServlet 'dispatcherServlet'
2024-10-17 16:21:02.779  INFO 27980 --- [RMI TCP Connection(1)-172.27.160.1] o.s.web.servlet.DispatcherServlet        : Initializing Servlet 'dispatcherServlet'
2024-10-17 16:21:02.781  INFO 27980 --- [RMI TCP Connection(1)-172.27.160.1] o.s.web.servlet.DispatcherServlet        : Completed initialization in 2 ms
2024-10-17 16:22:18.221  WARN 27980 --- [http-nio-8081-exec-1] o.s.s.c.bcrypt.BCryptPasswordEncoder     : Empty encoded password
2024-10-17 16:22:20.440  WARN 27980 --- [http-nio-8081-exec-4] o.s.s.c.bcrypt.BCryptPasswordEncoder     : Empty encoded password
2024-10-17 16:25:11.685  WARN 27980 --- [http-nio-8081-exec-6] o.s.s.c.bcrypt.BCryptPasswordEncoder     : Empty encoded password
2024-10-17 16:34:02.466  INFO 27980 --- [SpringApplicationShutdownHook] o.s.b.w.e.tomcat.GracefulShutdown        : Commencing graceful shutdown. Waiting for active requests to complete
2024-10-17 16:34:02.494  INFO 27980 --- [tomcat-shutdown] o.s.b.w.e.tomcat.GracefulShutdown        : Graceful shutdown complete
2024-10-17 16:34:02.515  INFO 27980 --- [SpringApplicationShutdownHook] o.s.i.endpoint.EventDrivenConsumer       : Removing {logging-channel-adapter:_org.springframework.integration.errorLogger} as a subscriber to the 'errorChannel' channel
2024-10-17 16:34:02.516  INFO 27980 --- [SpringApplicationShutdownHook] o.s.i.channel.PublishSubscribeChannel    : Channel 'application.errorChannel' has 0 subscriber(s).
2024-10-17 16:34:02.516  INFO 27980 --- [SpringApplicationShutdownHook] o.s.i.endpoint.EventDrivenConsumer       : stopped bean '_org.springframework.integration.errorLogger'
2024-10-17 16:34:02.524  INFO 27980 --- [SpringApplicationShutdownHook] j.LocalContainerEntityManagerFactoryBean : Closing JPA EntityManagerFactory for persistence unit 'default'
2024-10-17 16:34:02.540  INFO 27980 --- [SpringApplicationShutdownHook] com.alibaba.druid.pool.DruidDataSource   : {dataSource-1} closing ...
2024-10-17 16:34:02.546  INFO 27980 --- [SpringApplicationShutdownHook] com.alibaba.druid.pool.DruidDataSource   : {dataSource-1} closed
2024-10-17 16:34:05.956  INFO 3416 --- [restartedMain] cn.zwz.ZwzApplication                    : Starting ZwzApplication using Java 17.0.10 on LAPTOP-V7431OSH with PID 3416 (D:\code\623e8-main\623e8-main\assign-topics-master\assign-topics-master\back\target\classes started by Tool Man in D:\code\623e8-main\623e8-main\assign-topics-master\assign-topics-master\back)
2024-10-17 16:34:05.957  INFO 3416 --- [restartedMain] cn.zwz.ZwzApplication                    : No active profile set, falling back to 1 default profile: "default"
2024-10-17 16:34:06.011  INFO 3416 --- [restartedMain] .e.DevToolsPropertyDefaultsPostProcessor : Devtools property defaults active! Set 'spring.devtools.add-properties' to 'false' to disable
2024-10-17 16:34:06.011  INFO 3416 --- [restartedMain] .e.DevToolsPropertyDefaultsPostProcessor : For additional web related logging consider setting the 'logging.level.web' property to 'DEBUG'
2024-10-17 16:34:07.279  INFO 3416 --- [restartedMain] .s.d.r.c.RepositoryConfigurationDelegate : Multiple Spring Data modules found, entering strict repository configuration mode
2024-10-17 16:34:07.281  INFO 3416 --- [restartedMain] .s.d.r.c.RepositoryConfigurationDelegate : Bootstrapping Spring Data JPA repositories in DEFAULT mode.
2024-10-17 16:34:07.651  INFO 3416 --- [restartedMain] .s.d.r.c.RepositoryConfigurationDelegate : Finished Spring Data repository scanning in 364 ms. Found 1 JPA repository interfaces.
2024-10-17 16:34:07.659  INFO 3416 --- [restartedMain] .s.d.r.c.RepositoryConfigurationDelegate : Multiple Spring Data modules found, entering strict repository configuration mode
2024-10-17 16:34:07.660  INFO 3416 --- [restartedMain] .s.d.r.c.RepositoryConfigurationDelegate : Bootstrapping Spring Data Redis repositories in DEFAULT mode.
2024-10-17 16:34:07.717  INFO 3416 --- [restartedMain] .RepositoryConfigurationExtensionSupport : Spring Data Redis - Could not safely identify store assignment for repository candidate interface cn.zwz.data.dao.LogDao; If you want this repository to be a Redis repository, consider annotating your entities with one of these annotations: org.springframework.data.redis.core.RedisHash (preferred), or consider extending one of the following types with your repository: org.springframework.data.keyvalue.repository.KeyValueRepository
2024-10-17 16:34:07.717  INFO 3416 --- [restartedMain] .s.d.r.c.RepositoryConfigurationDelegate : Finished Spring Data repository scanning in 49 ms. Found 0 Redis repository interfaces.
2024-10-17 16:34:07.911  INFO 3416 --- [restartedMain] faultConfiguringBeanFactoryPostProcessor : No bean named 'errorChannel' has been explicitly defined. Therefore, a default PublishSubscribeChannel will be created.
2024-10-17 16:34:07.923  INFO 3416 --- [restartedMain] faultConfiguringBeanFactoryPostProcessor : No bean named 'integrationHeaderChannelRegistry' has been explicitly defined. Therefore, a default DefaultHeaderChannelRegistry will be created.
2024-10-17 16:34:08.317  INFO 3416 --- [restartedMain] trationDelegate$BeanPostProcessorChecker : Bean 'redisExceptionThrowsConfig' of type [cn.zwz.basics.redis.RedisExceptionThrowsConfig$$EnhancerBySpringCGLIB$$24867049] is not eligible for getting processed by all BeanPostProcessors (for example: not eligible for auto-proxying)
2024-10-17 16:34:08.374  INFO 3416 --- [restartedMain] trationDelegate$BeanPostProcessorChecker : Bean 'org.springframework.integration.config.IntegrationManagementConfiguration' of type [org.springframework.integration.config.IntegrationManagementConfiguration] is not eligible for getting processed by all BeanPostProcessors (for example: not eligible for auto-proxying)
2024-10-17 16:34:08.387  INFO 3416 --- [restartedMain] trationDelegate$BeanPostProcessorChecker : Bean 'integrationChannelResolver' of type [org.springframework.integration.support.channel.BeanFactoryChannelResolver] is not eligible for getting processed by all BeanPostProcessors (for example: not eligible for auto-proxying)
2024-10-17 16:34:08.803  INFO 3416 --- [restartedMain] o.s.b.w.embedded.tomcat.TomcatWebServer  : Tomcat initialized with port(s): 8081 (http)
2024-10-17 16:34:08.812  INFO 3416 --- [restartedMain] o.apache.catalina.core.StandardService   : Starting service [Tomcat]
2024-10-17 16:34:08.813  INFO 3416 --- [restartedMain] org.apache.catalina.core.StandardEngine  : Starting Servlet engine: [Apache Tomcat/9.0.69]
2024-10-17 16:34:09.009  INFO 3416 --- [restartedMain] o.a.c.c.C.[Tomcat].[localhost].[/]       : Initializing Spring embedded WebApplicationContext
2024-10-17 16:34:09.009  INFO 3416 --- [restartedMain] w.s.c.ServletWebServerApplicationContext : Root WebApplicationContext: initialization completed in 2997 ms
2024-10-17 16:34:09.114  INFO 3416 --- [restartedMain] c.a.d.s.b.a.DruidDataSourceAutoConfigure : Init DruidDataSource
2024-10-17 16:34:09.257  INFO 3416 --- [restartedMain] com.alibaba.druid.pool.DruidDataSource   : {dataSource-1} inited
2024-10-17 16:34:09.723  INFO 3416 --- [restartedMain] org.redisson.Version                     : Redisson 3.18.0
2024-10-17 16:34:10.110  INFO 3416 --- [redisson-netty-2-5] o.r.c.pool.MasterPubSubConnectionPool    : 1 connections initialized for 127.0.0.1/127.0.0.1:6379
2024-10-17 16:34:10.135  INFO 3416 --- [redisson-netty-2-19] o.r.c.pool.MasterConnectionPool          : 24 connections initialized for 127.0.0.1/127.0.0.1:6379
2024-10-17 16:34:10.568  INFO 3416 --- [restartedMain] c.z.basics.baseClass.BeansConfiguration  : 初始化PathMatcher成功
2024-10-17 16:34:10.573  WARN 3416 --- [restartedMain] c.z.b.s.p.MyFilterSecurityInterceptor    : Could not validate configuration attributes as the SecurityMetadataSource did not return any attributes from getAllConfigAttributes()
2024-10-17 16:34:10.786  INFO 3416 --- [restartedMain] o.hibernate.jpa.internal.util.LogHelper  : HHH000204: Processing PersistenceUnitInfo [name: default]
2024-10-17 16:34:10.844  INFO 3416 --- [restartedMain] org.hibernate.Version                    : HHH000412: Hibernate ORM core version 5.6.14.Final
2024-10-17 16:34:11.015  INFO 3416 --- [restartedMain] o.hibernate.annotations.common.Version   : HCANN000001: Hibernate Commons Annotations {5.1.2.Final}
2024-10-17 16:34:11.282  INFO 3416 --- [restartedMain] org.hibernate.dialect.Dialect            : HHH000400: Using dialect: org.hibernate.dialect.MySQL8Dialect
2024-10-17 16:34:12.054  INFO 3416 --- [restartedMain] o.h.e.t.j.p.i.JtaPlatformInitiator       : HHH000490: Using JtaPlatform implementation: [org.hibernate.engine.transaction.jta.platform.internal.NoJtaPlatform]
2024-10-17 16:34:12.064  INFO 3416 --- [restartedMain] j.LocalContainerEntityManagerFactoryBean : Initialized JPA EntityManagerFactory for persistence unit 'default'
2024-10-17 16:34:12.483  WARN 3416 --- [restartedMain] JpaBaseConfiguration$JpaWebConfiguration : spring.jpa.open-in-view is enabled by default. Therefore, database queries may be performed during view rendering. Explicitly configure spring.jpa.open-in-view to disable this warning
2024-10-17 16:34:13.054  INFO 3416 --- [restartedMain] c.z.basics.baseClass.BeansConfiguration  : 初始化线程池成功
2024-10-17 16:34:13.356  INFO 3416 --- [restartedMain] c.z.basics.redis.InterceptConfiguration  : 拦截器加载成功
2024-10-17 16:34:14.135  INFO 3416 --- [restartedMain] o.s.b.a.e.web.EndpointLinksResolver      : Exposing 1 endpoint(s) beneath base path '/actuator'
2024-10-17 16:34:14.158  INFO 3416 --- [restartedMain] o.s.s.web.DefaultSecurityFilterChain     : Will secure any request with [org.springframework.security.web.session.DisableEncodeUrlFilter@42e1620f, org.springframework.security.web.context.request.async.WebAsyncManagerIntegrationFilter@7c16bf64, org.springframework.security.web.context.SecurityContextPersistenceFilter@4230e7df, org.springframework.security.web.header.HeaderWriterFilter@3334b15c, org.springframework.web.filter.CorsFilter@4e660677, org.springframework.security.web.authentication.logout.LogoutFilter@19af2489, org.springframework.security.web.authentication.UsernamePasswordAuthenticationFilter@766b8098, cn.zwz.basics.security.jwt.JwtRoleFilter@3ce90a84, org.springframework.security.web.savedrequest.RequestCacheAwareFilter@710b6c3a, org.springframework.security.web.servletapi.SecurityContextHolderAwareRequestFilter@6a2d17d0, org.springframework.security.web.authentication.AnonymousAuthenticationFilter@7551e60c, org.springframework.security.web.session.SessionManagementFilter@5b360706, org.springframework.security.web.access.ExceptionTranslationFilter@56475370, cn.zwz.basics.security.permission.MyFilterSecurityInterceptor@4adc2f2f, org.springframework.security.web.access.intercept.FilterSecurityInterceptor@580de22d]
2024-10-17 16:34:14.340  INFO 3416 --- [restartedMain] o.s.b.d.a.OptionalLiveReloadServer       : LiveReload server is running on port 35729
2024-10-17 16:34:14.535  INFO 3416 --- [restartedMain] o.s.i.endpoint.EventDrivenConsumer       : Adding {logging-channel-adapter:_org.springframework.integration.errorLogger} as a subscriber to the 'errorChannel' channel
2024-10-17 16:34:14.535  INFO 3416 --- [restartedMain] o.s.i.channel.PublishSubscribeChannel    : Channel 'application.errorChannel' has 1 subscriber(s).
2024-10-17 16:34:14.536  INFO 3416 --- [restartedMain] o.s.i.endpoint.EventDrivenConsumer       : started bean '_org.springframework.integration.errorLogger'
2024-10-17 16:34:14.550  INFO 3416 --- [restartedMain] o.s.b.w.embedded.tomcat.TomcatWebServer  : Tomcat started on port(s): 8081 (http) with context path ''
2024-10-17 16:34:14.582  INFO 3416 --- [restartedMain] cn.zwz.ZwzApplication                    : Started ZwzApplication in 9.018 seconds (JVM running for 10.224)
2024-10-17 16:34:14.656  INFO 3416 --- [RMI TCP Connection(1)-172.27.160.1] o.a.c.c.C.[Tomcat].[localhost].[/]       : Initializing Spring DispatcherServlet 'dispatcherServlet'
2024-10-17 16:34:14.656  INFO 3416 --- [RMI TCP Connection(1)-172.27.160.1] o.s.web.servlet.DispatcherServlet        : Initializing Servlet 'dispatcherServlet'
2024-10-17 16:34:14.660  INFO 3416 --- [RMI TCP Connection(1)-172.27.160.1] o.s.web.servlet.DispatcherServlet        : Completed initialization in 4 ms
2024-10-17 16:34:40.538  WARN 3416 --- [http-nio-8081-exec-4] o.s.s.c.bcrypt.BCryptPasswordEncoder     : Empty encoded password
2024-10-17 17:06:03.891  WARN 3416 --- [http-nio-8081-exec-20] c.z.b.s.p.MyFilterSecurityInterceptor    : org.springframework.web.util.NestedServletException: Request processing failed; nested exception is ZwzException(msg=没有文件)
2024-10-17 17:06:03.891  WARN 3416 --- [http-nio-8081-exec-24] c.z.b.s.p.MyFilterSecurityInterceptor    : org.springframework.web.util.NestedServletException: Request processing failed; nested exception is ZwzException(msg=没有文件)
2024-10-17 17:06:15.204  WARN 3416 --- [http-nio-8081-exec-18] c.z.b.s.p.MyFilterSecurityInterceptor    : org.springframework.web.util.NestedServletException: Request processing failed; nested exception is ZwzException(msg=没有文件)
2024-10-17 17:06:15.278  WARN 3416 --- [http-nio-8081-exec-19] c.z.b.s.p.MyFilterSecurityInterceptor    : org.springframework.web.util.NestedServletException: Request processing failed; nested exception is ZwzException(msg=没有文件)
2024-10-17 17:54:11.413  INFO 3416 --- [SpringApplicationShutdownHook] o.s.b.w.e.tomcat.GracefulShutdown        : Commencing graceful shutdown. Waiting for active requests to complete
2024-10-17 17:54:11.454  INFO 3416 --- [tomcat-shutdown] o.s.b.w.e.tomcat.GracefulShutdown        : Graceful shutdown complete
2024-10-17 17:54:11.491  INFO 3416 --- [SpringApplicationShutdownHook] o.s.i.endpoint.EventDrivenConsumer       : Removing {logging-channel-adapter:_org.springframework.integration.errorLogger} as a subscriber to the 'errorChannel' channel
2024-10-17 17:54:11.491  INFO 3416 --- [SpringApplicationShutdownHook] o.s.i.channel.PublishSubscribeChannel    : Channel 'application.errorChannel' has 0 subscriber(s).
2024-10-17 17:54:11.492  INFO 3416 --- [SpringApplicationShutdownHook] o.s.i.endpoint.EventDrivenConsumer       : stopped bean '_org.springframework.integration.errorLogger'
2024-10-17 17:54:11.552  INFO 3416 --- [SpringApplicationShutdownHook] j.LocalContainerEntityManagerFactoryBean : Closing JPA EntityManagerFactory for persistence unit 'default'
2024-10-17 17:54:11.578  INFO 3416 --- [SpringApplicationShutdownHook] com.alibaba.druid.pool.DruidDataSource   : {dataSource-1} closing ...
2024-10-17 17:54:11.580  INFO 3416 --- [SpringApplicationShutdownHook] com.alibaba.druid.pool.DruidDataSource   : {dataSource-1} closed
2024-10-17 19:11:14.945  INFO 35344 --- [restartedMain] cn.zwz.ZwzApplication                    : Starting ZwzApplication using Java 17.0.10 on LAPTOP-V7431OSH with PID 35344 (D:\code\623e8-main\623e8-main\assign-topics-master\assign-topics-master\back\target\classes started by Tool Man in D:\code\623e8-main\623e8-main\assign-topics-master\assign-topics-master\back)
2024-10-17 19:11:14.947  INFO 35344 --- [restartedMain] cn.zwz.ZwzApplication                    : No active profile set, falling back to 1 default profile: "default"
2024-10-17 19:11:15.002  INFO 35344 --- [restartedMain] .e.DevToolsPropertyDefaultsPostProcessor : Devtools property defaults active! Set 'spring.devtools.add-properties' to 'false' to disable
2024-10-17 19:11:15.002  INFO 35344 --- [restartedMain] .e.DevToolsPropertyDefaultsPostProcessor : For additional web related logging consider setting the 'logging.level.web' property to 'DEBUG'
2024-10-17 19:11:17.600  INFO 35344 --- [restartedMain] .s.d.r.c.RepositoryConfigurationDelegate : Multiple Spring Data modules found, entering strict repository configuration mode
2024-10-17 19:11:17.602  INFO 35344 --- [restartedMain] .s.d.r.c.RepositoryConfigurationDelegate : Bootstrapping Spring Data JPA repositories in DEFAULT mode.
2024-10-17 19:11:18.010  INFO 35344 --- [restartedMain] .s.d.r.c.RepositoryConfigurationDelegate : Finished Spring Data repository scanning in 402 ms. Found 1 JPA repository interfaces.
2024-10-17 19:11:18.020  INFO 35344 --- [restartedMain] .s.d.r.c.RepositoryConfigurationDelegate : Multiple Spring Data modules found, entering strict repository configuration mode
2024-10-17 19:11:18.021  INFO 35344 --- [restartedMain] .s.d.r.c.RepositoryConfigurationDelegate : Bootstrapping Spring Data Redis repositories in DEFAULT mode.
2024-10-17 19:11:18.076  INFO 35344 --- [restartedMain] .RepositoryConfigurationExtensionSupport : Spring Data Redis - Could not safely identify store assignment for repository candidate interface cn.zwz.data.dao.LogDao; If you want this repository to be a Redis repository, consider annotating your entities with one of these annotations: org.springframework.data.redis.core.RedisHash (preferred), or consider extending one of the following types with your repository: org.springframework.data.keyvalue.repository.KeyValueRepository
2024-10-17 19:11:18.076  INFO 35344 --- [restartedMain] .s.d.r.c.RepositoryConfigurationDelegate : Finished Spring Data repository scanning in 48 ms. Found 0 Redis repository interfaces.
2024-10-17 19:11:18.268  INFO 35344 --- [restartedMain] faultConfiguringBeanFactoryPostProcessor : No bean named 'errorChannel' has been explicitly defined. Therefore, a default PublishSubscribeChannel will be created.
2024-10-17 19:11:18.283  INFO 35344 --- [restartedMain] faultConfiguringBeanFactoryPostProcessor : No bean named 'integrationHeaderChannelRegistry' has been explicitly defined. Therefore, a default DefaultHeaderChannelRegistry will be created.
2024-10-17 19:11:18.687  INFO 35344 --- [restartedMain] trationDelegate$BeanPostProcessorChecker : Bean 'redisExceptionThrowsConfig' of type [cn.zwz.basics.redis.RedisExceptionThrowsConfig$$EnhancerBySpringCGLIB$$4819db2f] is not eligible for getting processed by all BeanPostProcessors (for example: not eligible for auto-proxying)
2024-10-17 19:11:18.741  INFO 35344 --- [restartedMain] trationDelegate$BeanPostProcessorChecker : Bean 'org.springframework.integration.config.IntegrationManagementConfiguration' of type [org.springframework.integration.config.IntegrationManagementConfiguration] is not eligible for getting processed by all BeanPostProcessors (for example: not eligible for auto-proxying)
2024-10-17 19:11:18.754  INFO 35344 --- [restartedMain] trationDelegate$BeanPostProcessorChecker : Bean 'integrationChannelResolver' of type [org.springframework.integration.support.channel.BeanFactoryChannelResolver] is not eligible for getting processed by all BeanPostProcessors (for example: not eligible for auto-proxying)
2024-10-17 19:11:19.187  INFO 35344 --- [restartedMain] o.s.b.w.embedded.tomcat.TomcatWebServer  : Tomcat initialized with port(s): 8081 (http)
2024-10-17 19:11:19.198  INFO 35344 --- [restartedMain] o.apache.catalina.core.StandardService   : Starting service [Tomcat]
2024-10-17 19:11:19.198  INFO 35344 --- [restartedMain] org.apache.catalina.core.StandardEngine  : Starting Servlet engine: [Apache Tomcat/9.0.69]
2024-10-17 19:11:19.404  INFO 35344 --- [restartedMain] o.a.c.c.C.[Tomcat].[localhost].[/]       : Initializing Spring embedded WebApplicationContext
2024-10-17 19:11:19.404  INFO 35344 --- [restartedMain] w.s.c.ServletWebServerApplicationContext : Root WebApplicationContext: initialization completed in 4401 ms
2024-10-17 19:11:19.492  INFO 35344 --- [restartedMain] c.a.d.s.b.a.DruidDataSourceAutoConfigure : Init DruidDataSource
2024-10-17 19:11:19.654  INFO 35344 --- [restartedMain] com.alibaba.druid.pool.DruidDataSource   : {dataSource-1} inited
2024-10-17 19:11:20.144  INFO 35344 --- [restartedMain] org.redisson.Version                     : Redisson 3.18.0
2024-10-17 19:11:20.546  INFO 35344 --- [redisson-netty-2-5] o.r.c.pool.MasterPubSubConnectionPool    : 1 connections initialized for 127.0.0.1/127.0.0.1:6379
2024-10-17 19:11:20.574  INFO 35344 --- [redisson-netty-2-19] o.r.c.pool.MasterConnectionPool          : 24 connections initialized for 127.0.0.1/127.0.0.1:6379
2024-10-17 19:11:21.044  INFO 35344 --- [restartedMain] c.z.basics.baseClass.BeansConfiguration  : 初始化PathMatcher成功
2024-10-17 19:11:21.048  WARN 35344 --- [restartedMain] c.z.b.s.p.MyFilterSecurityInterceptor    : Could not validate configuration attributes as the SecurityMetadataSource did not return any attributes from getAllConfigAttributes()
2024-10-17 19:11:21.265  INFO 35344 --- [restartedMain] o.hibernate.jpa.internal.util.LogHelper  : HHH000204: Processing PersistenceUnitInfo [name: default]
2024-10-17 19:11:21.327  INFO 35344 --- [restartedMain] org.hibernate.Version                    : HHH000412: Hibernate ORM core version 5.6.14.Final
2024-10-17 19:11:21.506  INFO 35344 --- [restartedMain] o.hibernate.annotations.common.Version   : HCANN000001: Hibernate Commons Annotations {5.1.2.Final}
2024-10-17 19:11:21.792  INFO 35344 --- [restartedMain] org.hibernate.dialect.Dialect            : HHH000400: Using dialect: org.hibernate.dialect.MySQL8Dialect
2024-10-17 19:11:22.562  INFO 35344 --- [restartedMain] o.h.e.t.j.p.i.JtaPlatformInitiator       : HHH000490: Using JtaPlatform implementation: [org.hibernate.engine.transaction.jta.platform.internal.NoJtaPlatform]
2024-10-17 19:11:22.570  INFO 35344 --- [restartedMain] j.LocalContainerEntityManagerFactoryBean : Initialized JPA EntityManagerFactory for persistence unit 'default'
2024-10-17 19:11:22.947  WARN 35344 --- [restartedMain] JpaBaseConfiguration$JpaWebConfiguration : spring.jpa.open-in-view is enabled by default. Therefore, database queries may be performed during view rendering. Explicitly configure spring.jpa.open-in-view to disable this warning
2024-10-17 19:11:23.491  INFO 35344 --- [restartedMain] c.z.basics.baseClass.BeansConfiguration  : 初始化线程池成功
2024-10-17 19:11:23.790  INFO 35344 --- [restartedMain] c.z.basics.redis.InterceptConfiguration  : 拦截器加载成功
2024-10-17 19:11:24.549  INFO 35344 --- [restartedMain] o.s.b.a.e.web.EndpointLinksResolver      : Exposing 1 endpoint(s) beneath base path '/actuator'
2024-10-17 19:11:24.570  INFO 35344 --- [restartedMain] o.s.s.web.DefaultSecurityFilterChain     : Will secure any request with [org.springframework.security.web.session.DisableEncodeUrlFilter@4a49582c, org.springframework.security.web.context.request.async.WebAsyncManagerIntegrationFilter@3a10ba37, org.springframework.security.web.context.SecurityContextPersistenceFilter@52dd79f4, org.springframework.security.web.header.HeaderWriterFilter@c4180a2, org.springframework.web.filter.CorsFilter@9f447b1, org.springframework.security.web.authentication.logout.LogoutFilter@7fed9344, org.springframework.security.web.authentication.UsernamePasswordAuthenticationFilter@c6c31e2, cn.zwz.basics.security.jwt.JwtRoleFilter@d42ae5f, org.springframework.security.web.savedrequest.RequestCacheAwareFilter@114c22bd, org.springframework.security.web.servletapi.SecurityContextHolderAwareRequestFilter@5e37d6b8, org.springframework.security.web.authentication.AnonymousAuthenticationFilter@d4a1fe3, org.springframework.security.web.session.SessionManagementFilter@45df71fe, org.springframework.security.web.access.ExceptionTranslationFilter@ecd1842, cn.zwz.basics.security.permission.MyFilterSecurityInterceptor@30ff1117, org.springframework.security.web.access.intercept.FilterSecurityInterceptor@3781d1f]
2024-10-17 19:11:24.746  INFO 35344 --- [restartedMain] o.s.b.d.a.OptionalLiveReloadServer       : LiveReload server is running on port 35729
2024-10-17 19:11:24.910  INFO 35344 --- [restartedMain] o.s.i.endpoint.EventDrivenConsumer       : Adding {logging-channel-adapter:_org.springframework.integration.errorLogger} as a subscriber to the 'errorChannel' channel
2024-10-17 19:11:24.910  INFO 35344 --- [restartedMain] o.s.i.channel.PublishSubscribeChannel    : Channel 'application.errorChannel' has 1 subscriber(s).
2024-10-17 19:11:24.911  INFO 35344 --- [restartedMain] o.s.i.endpoint.EventDrivenConsumer       : started bean '_org.springframework.integration.errorLogger'
2024-10-17 19:11:24.925  INFO 35344 --- [restartedMain] o.s.b.w.embedded.tomcat.TomcatWebServer  : Tomcat started on port(s): 8081 (http) with context path ''
2024-10-17 19:11:24.958  INFO 35344 --- [restartedMain] cn.zwz.ZwzApplication                    : Started ZwzApplication in 10.439 seconds (JVM running for 11.731)
2024-10-17 19:11:25.044  INFO 35344 --- [RMI TCP Connection(1)-172.27.160.1] o.a.c.c.C.[Tomcat].[localhost].[/]       : Initializing Spring DispatcherServlet 'dispatcherServlet'
2024-10-17 19:11:25.044  INFO 35344 --- [RMI TCP Connection(1)-172.27.160.1] o.s.web.servlet.DispatcherServlet        : Initializing Servlet 'dispatcherServlet'
2024-10-17 19:11:25.045  INFO 35344 --- [RMI TCP Connection(1)-172.27.160.1] o.s.web.servlet.DispatcherServlet        : Completed initialization in 1 ms
2024-10-17 19:26:57.482  WARN 35344 --- [http-nio-8081-exec-1] cn.zwz.basics.utils.IpInfoUtil           : 区县查询失败
2024-10-17 19:26:57.852  WARN 35344 --- [http-nio-8081-exec-2] cn.zwz.basics.utils.IpInfoUtil           : 区县查询失败
2024-10-17 19:26:57.855  WARN 35344 --- [http-nio-8081-exec-4] cn.zwz.basics.utils.IpInfoUtil           : 区县查询失败
2024-10-17 19:26:57.889  WARN 35344 --- [http-nio-8081-exec-3] cn.zwz.basics.utils.IpInfoUtil           : 区县查询失败
2024-10-17 19:26:57.987  WARN 35344 --- [http-nio-8081-exec-5] cn.zwz.basics.utils.IpInfoUtil           : 区县查询失败
2024-10-17 19:26:58.163  WARN 35344 --- [http-nio-8081-exec-8] cn.zwz.basics.utils.IpInfoUtil           : 区县查询失败
2024-10-17 19:27:35.896  INFO 35344 --- [SpringApplicationShutdownHook] o.s.b.w.e.tomcat.GracefulShutdown        : Commencing graceful shutdown. Waiting for active requests to complete
2024-10-17 19:27:35.924  INFO 35344 --- [tomcat-shutdown] o.s.b.w.e.tomcat.GracefulShutdown        : Graceful shutdown complete
2024-10-17 19:27:35.948  INFO 35344 --- [SpringApplicationShutdownHook] o.s.i.endpoint.EventDrivenConsumer       : Removing {logging-channel-adapter:_org.springframework.integration.errorLogger} as a subscriber to the 'errorChannel' channel
2024-10-17 19:27:35.949  INFO 35344 --- [SpringApplicationShutdownHook] o.s.i.channel.PublishSubscribeChannel    : Channel 'application.errorChannel' has 0 subscriber(s).
2024-10-17 19:27:35.949  INFO 35344 --- [SpringApplicationShutdownHook] o.s.i.endpoint.EventDrivenConsumer       : stopped bean '_org.springframework.integration.errorLogger'
2024-10-17 19:27:35.997  INFO 35344 --- [SpringApplicationShutdownHook] j.LocalContainerEntityManagerFactoryBean : Closing JPA EntityManagerFactory for persistence unit 'default'
2024-10-17 19:27:36.012  INFO 35344 --- [SpringApplicationShutdownHook] com.alibaba.druid.pool.DruidDataSource   : {dataSource-1} closing ...
2024-10-17 19:27:36.018  INFO 35344 --- [SpringApplicationShutdownHook] com.alibaba.druid.pool.DruidDataSource   : {dataSource-1} closed
